Using pre-set license
Built from '2021.3/staging' branch; Version is '2021.3.16f1 (4016570cf34f) revision 4200023'; Using compiler version '192829333'; Build Type 'Release'
OS: 'Windows 11  (10.0.22621) 64bit Core' Language: 'en' Physical Memory: 32525 MB
BatchMode: 1, IsHumanControllingUs: 0, StartBugReporterOnCrash: 0, Is64bit: 1, IsPro: 1

COMMAND LINE ARGUMENTS:
D:\Unity\2021.3.16f1\Editor\Unity.exe
-adb2
-batchMode
-noUpm
-name
AssetImportWorker0
-projectPath
C:/Users/carso/Desktop/Git Repos/SeniorVRGame/Architecture Simulator
-logFile
Logs/AssetImportWorker0.log
-srvPort
50182
Successfully changed project path to: C:/Users/carso/Desktop/Git Repos/SeniorVRGame/Architecture Simulator
C:/Users/carso/Desktop/Git Repos/SeniorVRGame/Architecture Simulator
[UnityMemory] Configuration Parameters - Can be set up in boot.config
    "memorysetup-bucket-allocator-granularity=16"
    "memorysetup-bucket-allocator-bucket-count=8"
    "memorysetup-bucket-allocator-block-size=33554432"
    "memorysetup-bucket-allocator-block-count=8"
    "memorysetup-main-allocator-block-size=16777216"
    "memorysetup-thread-allocator-block-size=16777216"
    "memorysetup-gfx-main-allocator-block-size=16777216"
    "memorysetup-gfx-thread-allocator-block-size=16777216"
    "memorysetup-cache-allocator-block-size=4194304"
    "memorysetup-typetree-allocator-block-size=2097152"
    "memorysetup-profiler-bucket-allocator-granularity=16"
    "memorysetup-profiler-bucket-allocator-bucket-count=8"
    "memorysetup-profiler-bucket-allocator-block-size=33554432"
    "memorysetup-profiler-bucket-allocator-block-count=8"
    "memorysetup-profiler-allocator-block-size=16777216"
    "memorysetup-profiler-editor-allocator-block-size=1048576"
    "memorysetup-temp-allocator-size-main=16777216"
    "memorysetup-job-temp-allocator-block-size=2097152"
    "memorysetup-job-temp-allocator-block-size-background=1048576"
    "memorysetup-job-temp-allocator-reduction-small-platforms=262144"
    "memorysetup-temp-allocator-size-background-worker=32768"
    "memorysetup-temp-allocator-size-job-worker=262144"
    "memorysetup-temp-allocator-size-preload-manager=33554432"
    "memorysetup-temp-allocator-size-nav-mesh-worker=65536"
    "memorysetup-temp-allocator-size-audio-worker=65536"
    "memorysetup-temp-allocator-size-cloud-worker=32768"
    "memorysetup-temp-allocator-size-gi-baking-worker=262144"
    "memorysetup-temp-allocator-size-gfx=262144"
Player connection [30772] Host "[IP] 192.168.0.29 [Port] 0 [Flags] 2 [Guid] 4152755978 [EditorId] 4152755978 [Version] 1048832 [Id] WindowsEditor(7,CaronsDesktop) [Debug] 1 [PackageName] WindowsEditor [ProjectName] Editor" joined multi-casting on [225.0.0.222:54997]...

Player connection [30772] Host "[IP] 192.168.0.29 [Port] 0 [Flags] 2 [Guid] 4152755978 [EditorId] 4152755978 [Version] 1048832 [Id] WindowsEditor(7,CaronsDesktop) [Debug] 1 [PackageName] WindowsEditor [ProjectName] Editor" joined alternative multi-casting on [225.0.0.222:34997]...

Refreshing native plugins compatible for Editor in 74.70 ms, found 12 plugins.
Preloading 1 native plugins for Editor in 0.50 ms.
Initialize engine version: 2021.3.16f1 (4016570cf34f)
[Subsystems] Discovering subsystems at path D:/Unity/2021.3.16f1/Editor/Data/Resources/UnitySubsystems
[Subsystems] Discovering subsystems at path C:/Users/carso/Desktop/Git Repos/SeniorVRGame/Architecture Simulator/Assets
GfxDevice: creating device client; threaded=0; jobified=0
Direct3D:
    Version:  Direct3D 11.0 [level 11.1]
    Renderer: NVIDIA GeForce RTX 3080 (ID=0x2206)
    Vendor:   NVIDIA
    VRAM:     10067 MB
    Driver:   31.0.15.3640
Initialize mono
Mono path[0] = 'D:/Unity/2021.3.16f1/Editor/Data/Managed'
Mono path[1] = 'D:/Unity/2021.3.16f1/Editor/Data/MonoBleedingEdge/lib/mono/unityjit-win32'
Mono config path = 'D:/Unity/2021.3.16f1/Editor/Data/MonoBleedingEdge/etc'
Using monoOptions --debugger-agent=transport=dt_socket,embedding=1,server=y,suspend=n,address=127.0.0.1:56648
Begin MonoManager ReloadAssembly
Registering precompiled unity dll's ...
Register platform support module: D:/Unity/2021.3.16f1/Editor/Data/PlaybackEngines/AndroidPlayer/UnityEditor.Android.Extensions.dll
Register platform support module: D:/Unity/2021.3.16f1/Editor/Data/PlaybackEngines/WindowsStandaloneSupport/UnityEditor.WindowsStandalone.Extensions.dll
Registered in 0.001463 seconds.
Native extension for WindowsStandalone target not found
Native extension for Android target not found
Refreshing native plugins compatible for Editor in 58.39 ms, found 12 plugins.
Preloading 1 native plugins for Editor in 0.13 ms.
Mono: successfully reloaded assembly
- Completed reload, in  0.384 seconds
Domain Reload Profiling:
	ReloadAssembly (384ms)
		BeginReloadAssembly (45ms)
			ExecutionOrderSort (0ms)
			DisableScriptedObjects (0ms)
			BackupInstance (0ms)
			ReleaseScriptingObjects (0ms)
			CreateAndSetChildDomain (0ms)
		EndReloadAssembly (281ms)
			LoadAssemblies (44ms)
			RebuildTransferFunctionScriptingTraits (0ms)
			SetupTypeCache (64ms)
			ReleaseScriptCaches (0ms)
			RebuildScriptCaches (15ms)
			SetupLoadedEditorAssemblies (172ms)
				LogAssemblyErrors (0ms)
				InitializePlatformSupportModulesInManaged (32ms)
				SetLoadedEditorAssemblies (0ms)
				RefreshPlugins (59ms)
				BeforeProcessingInitializeOnLoad (1ms)
				ProcessInitializeOnLoadAttributes (55ms)
				ProcessInitializeOnLoadMethodAttributes (26ms)
				AfterProcessingInitializeOnLoad (0ms)
				EditorAssembliesLoaded (0ms)
			ExecutionOrderSort2 (0ms)
			AwakeInstancesAfterBackupRestoration (0ms)
Platform modules already initialized, skipping
Registering precompiled user dll's ...
Registered in 0.010632 seconds.
Begin MonoManager ReloadAssembly
Symbol file LoadedFromMemory doesn't match image C:\Users\carso\Desktop\Git Repos\SeniorVRGame\Architecture Simulator\Library\PackageCache\com.unity.visualscripting@1.7.8\Editor\VisualScripting.Core\Dependencies\DotNetZip\Unity.VisualScripting.IonicZip.dll
Symbol file LoadedFromMemory doesn't match image C:\Users\carso\Desktop\Git Repos\SeniorVRGame\Architecture Simulator\Library\PackageCache\com.unity.visualscripting@1.7.8\Editor\VisualScripting.Core\Dependencies\YamlDotNet\Unity.VisualScripting.YamlDotNet.dll
Native extension for WindowsStandalone target not found
Native extension for Android target not found
Refreshing native plugins compatible for Editor in 59.31 ms, found 12 plugins.
Preloading 1 native plugins for Editor in 0.06 ms.
Package Manager log level set to [2]
System.Reflection.TargetInvocationException: Exception has been thrown by the target of an invocation. ---> System.NullReferenceException: Object reference not set to an instance of an object
  at Unity.XR.Oculus.OculusLoader.AssetPathToAbsolutePath (System.String assetPath) [0x0003d] in C:\Users\carso\Desktop\Git Repos\SeniorVRGame\Architecture Simulator\Library\PackageCache\com.unity.xr.oculus@3.2.2\Runtime\OculusLoader.cs:296 
  at Unity.XR.Oculus.OculusLoader.EditorLoadOVRPlugin () [0x0007b] in C:\Users\carso\Desktop\Git Repos\SeniorVRGame\Architecture Simulator\Library\PackageCache\com.unity.xr.oculus@3.2.2\Runtime\OculusLoader.cs:281 
  at (wrapper managed-to-native) System.Reflection.RuntimeMethodInfo.InternalInvoke(System.Reflection.RuntimeMethodInfo,object,object[],System.Exception&)
  at System.Reflection.RuntimeMethodInfo.Invoke (System.Object obj, System.Reflection.BindingFlags invokeAttr, System.Reflection.Binder binder, System.Object[] parameters, System.Globalization.CultureInfo culture) [0x0006a] in <75633565436c42f0a6426b33f0132ade>:0 
   --- End of inner exception stack trace ---
  at System.Reflection.RuntimeMethodInfo.Invoke (System.Object obj, System.Reflection.BindingFlags invokeAttr, System.Reflection.Binder binder, System.Object[] parameters, System.Globalization.CultureInfo culture) [0x00083] in <75633565436c42f0a6426b33f0132ade>:0 
  at System.Reflection.MethodBase.Invoke (System.Object obj, System.Object[] parameters) [0x00000] in <75633565436c42f0a6426b33f0132ade>:0 
  at UnityEditor.EditorAssemblies.ProcessInitializeOnLoadMethodAttributes () [0x000a5] in <11d97693183d4a6bb35c29ae7882c66b>:0 
UnityEngine.StackTraceUtility:ExtractStackTrace ()
UnityEngine.DebugLogHandler:LogFormat (UnityEngine.LogType,UnityEngine.Object,string,object[])
UnityEngine.Logger:Log (UnityEngine.LogType,object)
UnityEngine.Debug:LogError (object)
UnityEditor.EditorAssemblies:ProcessInitializeOnLoadMethodAttributes ()

Mono: successfully reloaded assembly
- Completed reload, in  0.974 seconds
Domain Reload Profiling:
	ReloadAssembly (974ms)
		BeginReloadAssembly (200ms)
			ExecutionOrderSort (0ms)
			DisableScriptedObjects (5ms)
			BackupInstance (0ms)
			ReleaseScriptingObjects (0ms)
			CreateAndSetChildDomain (135ms)
		EndReloadAssembly (700ms)
			LoadAssemblies (71ms)
			RebuildTransferFunctionScriptingTraits (0ms)
			SetupTypeCache (175ms)
			ReleaseScriptCaches (0ms)
			RebuildScriptCaches (42ms)
			SetupLoadedEditorAssemblies (376ms)
				LogAssemblyErrors (0ms)
				InitializePlatformSupportModulesInManaged (8ms)
				SetLoadedEditorAssemblies (0ms)
				RefreshPlugins (59ms)
				BeforeProcessingInitializeOnLoad (59ms)
				ProcessInitializeOnLoadAttributes (230ms)
				ProcessInitializeOnLoadMethodAttributes (19ms)
				AfterProcessingInitializeOnLoad (1ms)
				EditorAssembliesLoaded (0ms)
			ExecutionOrderSort2 (0ms)
			AwakeInstancesAfterBackupRestoration (4ms)
Platform modules already initialized, skipping
========================================================================
Worker process is ready to serve import requests
Launched and connected shader compiler UnityShaderCompiler.exe after 0.03 seconds
Refreshing native plugins compatible for Editor in 1.15 ms, found 12 plugins.
Preloading 1 native plugins for Editor in 0.11 ms.
Unloading 4595 Unused Serialized files (Serialized files now loaded: 0)
Unloading 76 unused Assets / (1.6 MB). Loaded Objects now: 5058.
Memory consumption went from 181.8 MB to 180.2 MB.
Total: 4.071400 ms (FindLiveObjects: 0.358900 ms CreateObjectMapping: 0.250300 ms MarkObjects: 3.073600 ms  DeleteObjects: 0.386900 ms)

AssetImportParameters requested are different than current active one (requested -> active):
  custom:video-decoder-ogg-theora: a1e56fd34408186e4bbccfd4996cb3dc -> 
  custom:container-muxer-webm: aa71ff27fc2769a1b78a27578f13a17b -> 
  custom:container-demuxer-webm: 4f35f7cbe854078d1ac9338744f61a02 -> 
  custom:video-encoder-webm-vp8: eb34c28f22e8b96e1ab97ce403110664 -> 
  custom:video-codec-MediaFoundation-h265: 746d11721c4dcdbdad8f713fa42b33f4 -> 
  custom:audio-encoder-webm-vorbis: bf7c407c2cedff20999df2af8eb42d56 -> 
  custom:framework-win-MediaFoundation: 216162199b28c13a410421893ffa2e32 -> 
  custom:container-demuxer-ogg: 62fdf1f143b41e24485cea50d1cbac27 -> 
  custom:video-decoder-webm-vp8: 9c59270c3fd7afecdb556c50c9e8de78 -> 
  custom:audio-decoder-ogg-vorbis: bf7c407c2cedff20999df2af8eb42d56 -> 
========================================================================
Received Import Request.
  Time since last request: 322814.200023 seconds.
  path: Assets/Terrrain Data/ForestMountain.asset
  artifactKey: Guid(3837bba058f26af4785a40cf9323d2c0) Importer(815301076,1909f56bfc062723c751e8b465ee728b)
Start importing Assets/Terrrain Data/ForestMountain.asset using Guid(3837bba058f26af4785a40cf9323d2c0) Importer(815301076,1909f56bfc062723c751e8b465ee728b)  -> (artifact id: '00000000000000000000000000000000') in 1.786855 seconds  code(4) message(Build asset version error: assets/terrrain data/forestmountain.asset in SourceAssetDB has modification time of '2023-07-29T18:59:21.896197Z' while content on disk has modification time of '0001-01-01T00:00:00Z' with error code 2
Stacktrace:
0x00007ff7338269cd (Unity) StackWalker::GetCurrentCallstack
0x00007ff73382d589 (Unity) StackWalker::ShowCallstack
0x00007ff7347b0943 (Unity) GetStacktrace
0x00007ff734b4eb24 (Unity) GetAssetHashAndValidate
0x00007ff734b4a088 (Unity) AssetVersionBuilder::BuildHashOfSourceAssetArray
0x00007ff734b4805d (Unity) AssetVersionBuilder::BuildAssetVersion
0x00007ff734acf6aa (Unity) CreateAssetVersionBuilder
0x00007ff734ad61a3 (Unity) ImportToObjects
0x00007ff734ad4ed3 (Unity) ImportAsset
0x00007ff734af7912 (Unity) AssetImportWorker::Import
0x00007ff734b5e7d4 (Unity) <lambda_61a9544df00a9e76ece93a9d8f6ff838>::operator()
0x00007ff734b9f392 (Unity) asio::detail::completion_handler<core::mutable_function<void __cdecl(void)>,asio::io_context::basic_executor_type<std::allocator<void>,0> >::do_complete
0x00007ff734b8b27e (Unity) asio::detail::win_iocp_io_context::do_one
0x00007ff734b8cee4 (Unity) asio::detail::win_iocp_io_context::run
0x00007ff734b9d77e (Unity) IOService::Run
0x00007ff734b7038f (Unity) AssetImportWorkerClient::Run
0x00007ff734b3a3d3 (Unity) RunAssetImportWorkerClientV2
0x00007ff734b3a45b (Unity) RunAssetImporterV2
0x00007ff734355da8 (Unity) Application::InitializeProject
0x00007ff7347bb0a8 (Unity) WinMain
0x00007ff735b6e78e (Unity) __scrt_common_main_seh
0x00007ffe63e626ad (KERNEL32) BaseThreadInitThunk
0x00007ffe650aaa68 (ntdll) RtlUserThreadStart
)
  ERROR: Build asset version error: assets/terrrain data/forestmountain.asset in SourceAssetDB has modification time of '2023-07-29T18:59:21.896197Z' while content on disk has modification time of '0001-01-01T00:00:00Z' with error code 2
Stacktrace:
0x00007ff7338269cd (Unity) StackWalker::GetCurrentCallstack
0x00007ff73382d589 (Unity) StackWalker::ShowCallstack
0x00007ff7347b0943 (Unity) GetStacktrace
0x00007ff734b4eb24 (Unity) GetAssetHashAndValidate
0x00007ff734b4a088 (Unity) AssetVersionBuilder::BuildHashOfSourceAssetArray
0x00007ff734b4805d (Unity) AssetVersionBuilder::BuildAssetVersion
0x00007ff734acf6aa (Unity) CreateAssetVersionBuilder
0x00007ff734ad61a3 (Unity) ImportToObjects
0x00007ff734ad4ed3 (Unity) ImportAsset
0x00007ff734af7912 (Unity) AssetImportWorker::Import
0x00007ff734b5e7d4 (Unity) <lambda_61a9544df00a9e76ece93a9d8f6ff838>::operator()
0x00007ff734b9f392 (Unity) asio::detail::completion_handler<core::mutable_function<void __cdecl(void)>,asio::io_context::basic_executor_type<std::allocator<void>,0> >::do_complete
0x00007ff734b8b27e (Unity) asio::detail::win_iocp_io_context::do_one
0x00007ff734b8cee4 (Unity) asio::detail::win_iocp_io_context::run
0x00007ff734b9d77e (Unity) IOService::Run
0x00007ff734b7038f (Unity) AssetImportWorkerClient::Run
0x00007ff734b3a3d3 (Unity) RunAssetImportWorkerClientV2
0x00007ff734b3a45b (Unity) RunAssetImporterV2
0x00007ff734355da8 (Unity) Application::InitializeProject
0x00007ff7347bb0a8 (Unity) WinMain
0x00007ff735b6e78e (Unity) __scrt_common_main_seh
0x00007ffe63e626ad (KERNEL32) BaseThreadInitThunk
0x00007ffe650aaa68 (ntdll) RtlUserThreadStart

========================================================================
Received Import Request.
  Time since last request: 8.953154 seconds.
  path: Assets/Terrrain Data/New Terrain.asset
  artifactKey: Guid(348f9c8660a695942861d929ec521754) Importer(815301076,1909f56bfc062723c751e8b465ee728b)
Start importing Assets/Terrrain Data/New Terrain.asset using Guid(348f9c8660a695942861d929ec521754) Importer(815301076,1909f56bfc062723c751e8b465ee728b)  -> (artifact id: '79ffbccc2d396381aaae58f5f874c925') in 0.034416 seconds 
========================================================================
Received Import Request.
  Time since last request: 6.192722 seconds.
  path: Assets/Terrrain Data/Beach.asset
  artifactKey: Guid(348f9c8660a695942861d929ec521754) Importer(815301076,1909f56bfc062723c751e8b465ee728b)
Start importing Assets/Terrrain Data/Beach.asset using Guid(348f9c8660a695942861d929ec521754) Importer(815301076,1909f56bfc062723c751e8b465ee728b)  -> (artifact id: 'd9380a165969e091c88edbdb3c7791d6') in 0.012137 seconds 
========================================================================
Received Import Request.
  Time since last request: 272.609123 seconds.
  path: Assets/New Terrain 1.asset
  artifactKey: Guid(173415dd8ebe1434b9152b69dba863c9) Importer(815301076,1909f56bfc062723c751e8b465ee728b)
Start importing Assets/New Terrain 1.asset using Guid(173415dd8ebe1434b9152b69dba863c9) Importer(815301076,1909f56bfc062723c751e8b465ee728b)  -> (artifact id: 'cd8d236c3b99c330ab900e11d7165add') in 0.016602 seconds 
========================================================================
Received Import Request.
  Time since last request: 8.035271 seconds.
  path: Assets/Beach.asset
  artifactKey: Guid(173415dd8ebe1434b9152b69dba863c9) Importer(815301076,1909f56bfc062723c751e8b465ee728b)
Start importing Assets/Beach.asset using Guid(173415dd8ebe1434b9152b69dba863c9) Importer(815301076,1909f56bfc062723c751e8b465ee728b)  -> (artifact id: '22217b30f3ad790be3514a983c255085') in 0.004763 seconds 
========================================================================
Received Import Request.
  Time since last request: 1065.269485 seconds.
  path: Assets/Downloaded Assets
  artifactKey: Guid(cf55fb073c4f7954888be5fcdfe3e1d0) Importer(815301076,1909f56bfc062723c751e8b465ee728b)
Start importing Assets/Downloaded Assets using Guid(cf55fb073c4f7954888be5fcdfe3e1d0) Importer(815301076,1909f56bfc062723c751e8b465ee728b)  -> (artifact id: 'b97c16d311ef83b69528ac2dbefeea68') in 0.012332 seconds 
========================================================================
Received Import Request.
  Time since last request: 46.537281 seconds.
  path: Assets/Scenes/Testing/TerrainBuilding.unity
  artifactKey: Guid(ab366d975ea5f84449f93d574514ef2c) Importer(815301076,1909f56bfc062723c751e8b465ee728b)
Start importing Assets/Scenes/Testing/TerrainBuilding.unity using Guid(ab366d975ea5f84449f93d574514ef2c) Importer(815301076,1909f56bfc062723c751e8b465ee728b)  -> (artifact id: 'dd7a5040d9fb3eeb1504859d0a2fffed') in 0.012113 seconds 
