Using pre-set license
Built from '2021.3/staging' branch; Version is '2021.3.16f1 (4016570cf34f) revision 4200023'; Using compiler version '192829333'; Build Type 'Release'
OS: 'Windows 11  (10.0.22621) 64bit Core' Language: 'en' Physical Memory: 32525 MB
BatchMode: 1, IsHumanControllingUs: 0, StartBugReporterOnCrash: 0, Is64bit: 1, IsPro: 1

COMMAND LINE ARGUMENTS:
D:\Unity\2021.3.16f1\Editor\Unity.exe
-adb2
-batchMode
-noUpm
-name
AssetImportWorker0
-projectPath
C:/Users/carso/Desktop/Git Repos/SeniorVRGame/VR Prototype One
-logFile
Logs/AssetImportWorker0.log
-srvPort
64336
Successfully changed project path to: C:/Users/carso/Desktop/Git Repos/SeniorVRGame/VR Prototype One
C:/Users/carso/Desktop/Git Repos/SeniorVRGame/VR Prototype One
[UnityMemory] Configuration Parameters - Can be set up in boot.config
    "memorysetup-bucket-allocator-granularity=16"
    "memorysetup-bucket-allocator-bucket-count=8"
    "memorysetup-bucket-allocator-block-size=33554432"
    "memorysetup-bucket-allocator-block-count=8"
    "memorysetup-main-allocator-block-size=16777216"
    "memorysetup-thread-allocator-block-size=16777216"
    "memorysetup-gfx-main-allocator-block-size=16777216"
    "memorysetup-gfx-thread-allocator-block-size=16777216"
    "memorysetup-cache-allocator-block-size=4194304"
    "memorysetup-typetree-allocator-block-size=2097152"
    "memorysetup-profiler-bucket-allocator-granularity=16"
    "memorysetup-profiler-bucket-allocator-bucket-count=8"
    "memorysetup-profiler-bucket-allocator-block-size=33554432"
    "memorysetup-profiler-bucket-allocator-block-count=8"
    "memorysetup-profiler-allocator-block-size=16777216"
    "memorysetup-profiler-editor-allocator-block-size=1048576"
    "memorysetup-temp-allocator-size-main=16777216"
    "memorysetup-job-temp-allocator-block-size=2097152"
    "memorysetup-job-temp-allocator-block-size-background=1048576"
    "memorysetup-job-temp-allocator-reduction-small-platforms=262144"
    "memorysetup-temp-allocator-size-background-worker=32768"
    "memorysetup-temp-allocator-size-job-worker=262144"
    "memorysetup-temp-allocator-size-preload-manager=33554432"
    "memorysetup-temp-allocator-size-nav-mesh-worker=65536"
    "memorysetup-temp-allocator-size-audio-worker=65536"
    "memorysetup-temp-allocator-size-cloud-worker=32768"
    "memorysetup-temp-allocator-size-gi-baking-worker=262144"
    "memorysetup-temp-allocator-size-gfx=262144"
Player connection [29524] Host "[IP] 192.168.0.29 [Port] 0 [Flags] 2 [Guid] 2158309140 [EditorId] 2158309140 [Version] 1048832 [Id] WindowsEditor(7,CaronsDesktop) [Debug] 1 [PackageName] WindowsEditor [ProjectName] Editor" joined multi-casting on [225.0.0.222:54997]...

Player connection [29524] Host "[IP] 192.168.0.29 [Port] 0 [Flags] 2 [Guid] 2158309140 [EditorId] 2158309140 [Version] 1048832 [Id] WindowsEditor(7,CaronsDesktop) [Debug] 1 [PackageName] WindowsEditor [ProjectName] Editor" joined alternative multi-casting on [225.0.0.222:34997]...

Refreshing native plugins compatible for Editor in 85.13 ms, found 12 plugins.
Preloading 1 native plugins for Editor in 0.60 ms.
Initialize engine version: 2021.3.16f1 (4016570cf34f)
[Subsystems] Discovering subsystems at path D:/Unity/2021.3.16f1/Editor/Data/Resources/UnitySubsystems
[Subsystems] Discovering subsystems at path C:/Users/carso/Desktop/Git Repos/SeniorVRGame/VR Prototype One/Assets
GfxDevice: creating device client; threaded=0; jobified=0
Direct3D:
    Version:  Direct3D 11.0 [level 11.1]
    Renderer: NVIDIA GeForce RTX 3080 (ID=0x2206)
    Vendor:   NVIDIA
    VRAM:     10067 MB
    Driver:   31.0.15.3129
Initialize mono
Mono path[0] = 'D:/Unity/2021.3.16f1/Editor/Data/Managed'
Mono path[1] = 'D:/Unity/2021.3.16f1/Editor/Data/MonoBleedingEdge/lib/mono/unityjit-win32'
Mono config path = 'D:/Unity/2021.3.16f1/Editor/Data/MonoBleedingEdge/etc'
Using monoOptions --debugger-agent=transport=dt_socket,embedding=1,server=y,suspend=n,address=127.0.0.1:56532
Begin MonoManager ReloadAssembly
Registering precompiled unity dll's ...
Register platform support module: D:/Unity/2021.3.16f1/Editor/Data/PlaybackEngines/AndroidPlayer/UnityEditor.Android.Extensions.dll
Register platform support module: D:/Unity/2021.3.16f1/Editor/Data/PlaybackEngines/WindowsStandaloneSupport/UnityEditor.WindowsStandalone.Extensions.dll
Registered in 0.001542 seconds.
Native extension for WindowsStandalone target not found
Native extension for Android target not found
Refreshing native plugins compatible for Editor in 56.85 ms, found 12 plugins.
Preloading 1 native plugins for Editor in 0.11 ms.
Mono: successfully reloaded assembly
- Completed reload, in  0.489 seconds
Domain Reload Profiling:
	ReloadAssembly (489ms)
		BeginReloadAssembly (84ms)
			ExecutionOrderSort (0ms)
			DisableScriptedObjects (0ms)
			BackupInstance (0ms)
			ReleaseScriptingObjects (0ms)
			CreateAndSetChildDomain (0ms)
		EndReloadAssembly (321ms)
			LoadAssemblies (85ms)
			RebuildTransferFunctionScriptingTraits (0ms)
			SetupTypeCache (87ms)
			ReleaseScriptCaches (0ms)
			RebuildScriptCaches (16ms)
			SetupLoadedEditorAssemblies (184ms)
				LogAssemblyErrors (0ms)
				InitializePlatformSupportModulesInManaged (35ms)
				SetLoadedEditorAssemblies (0ms)
				RefreshPlugins (57ms)
				BeforeProcessingInitializeOnLoad (1ms)
				ProcessInitializeOnLoadAttributes (58ms)
				ProcessInitializeOnLoadMethodAttributes (34ms)
				AfterProcessingInitializeOnLoad (0ms)
				EditorAssembliesLoaded (0ms)
			ExecutionOrderSort2 (0ms)
			AwakeInstancesAfterBackupRestoration (0ms)
Platform modules already initialized, skipping
Registering precompiled user dll's ...
Registered in 0.010437 seconds.
Begin MonoManager ReloadAssembly
Symbol file LoadedFromMemory doesn't match image C:\Users\carso\Desktop\Git Repos\SeniorVRGame\VR Prototype One\Library\PackageCache\com.unity.visualscripting@1.7.8\Editor\VisualScripting.Core\Dependencies\DotNetZip\Unity.VisualScripting.IonicZip.dll
Symbol file LoadedFromMemory doesn't match image C:\Users\carso\Desktop\Git Repos\SeniorVRGame\VR Prototype One\Library\PackageCache\com.unity.visualscripting@1.7.8\Editor\VisualScripting.Core\Dependencies\YamlDotNet\Unity.VisualScripting.YamlDotNet.dll
Native extension for WindowsStandalone target not found
Native extension for Android target not found
Refreshing native plugins compatible for Editor in 62.96 ms, found 12 plugins.
Preloading 1 native plugins for Editor in 0.07 ms.
Package Manager log level set to [2]
System.Reflection.TargetInvocationException: Exception has been thrown by the target of an invocation. ---> System.NullReferenceException: Object reference not set to an instance of an object
  at Unity.XR.Oculus.OculusLoader.AssetPathToAbsolutePath (System.String assetPath) [0x0003d] in C:\Users\carso\Desktop\Git Repos\SeniorVRGame\VR Prototype One\Library\PackageCache\com.unity.xr.oculus@3.2.2\Runtime\OculusLoader.cs:296 
  at Unity.XR.Oculus.OculusLoader.EditorLoadOVRPlugin () [0x0007b] in C:\Users\carso\Desktop\Git Repos\SeniorVRGame\VR Prototype One\Library\PackageCache\com.unity.xr.oculus@3.2.2\Runtime\OculusLoader.cs:281 
  at (wrapper managed-to-native) System.Reflection.RuntimeMethodInfo.InternalInvoke(System.Reflection.RuntimeMethodInfo,object,object[],System.Exception&)
  at System.Reflection.RuntimeMethodInfo.Invoke (System.Object obj, System.Reflection.BindingFlags invokeAttr, System.Reflection.Binder binder, System.Object[] parameters, System.Globalization.CultureInfo culture) [0x0006a] in <75633565436c42f0a6426b33f0132ade>:0 
   --- End of inner exception stack trace ---
  at System.Reflection.RuntimeMethodInfo.Invoke (System.Object obj, System.Reflection.BindingFlags invokeAttr, System.Reflection.Binder binder, System.Object[] parameters, System.Globalization.CultureInfo culture) [0x00083] in <75633565436c42f0a6426b33f0132ade>:0 
  at System.Reflection.MethodBase.Invoke (System.Object obj, System.Object[] parameters) [0x00000] in <75633565436c42f0a6426b33f0132ade>:0 
  at UnityEditor.EditorAssemblies.ProcessInitializeOnLoadMethodAttributes () [0x000a5] in <11d97693183d4a6bb35c29ae7882c66b>:0 
UnityEngine.StackTraceUtility:ExtractStackTrace ()
UnityEngine.DebugLogHandler:LogFormat (UnityEngine.LogType,UnityEngine.Object,string,object[])
UnityEngine.Logger:Log (UnityEngine.LogType,object)
UnityEngine.Debug:LogError (object)
UnityEditor.EditorAssemblies:ProcessInitializeOnLoadMethodAttributes ()

Mono: successfully reloaded assembly
- Completed reload, in  0.911 seconds
Domain Reload Profiling:
	ReloadAssembly (911ms)
		BeginReloadAssembly (176ms)
			ExecutionOrderSort (0ms)
			DisableScriptedObjects (3ms)
			BackupInstance (0ms)
			ReleaseScriptingObjects (0ms)
			CreateAndSetChildDomain (123ms)
		EndReloadAssembly (667ms)
			LoadAssemblies (61ms)
			RebuildTransferFunctionScriptingTraits (0ms)
			SetupTypeCache (176ms)
			ReleaseScriptCaches (0ms)
			RebuildScriptCaches (33ms)
			SetupLoadedEditorAssemblies (368ms)
				LogAssemblyErrors (0ms)
				InitializePlatformSupportModulesInManaged (7ms)
				SetLoadedEditorAssemblies (0ms)
				RefreshPlugins (63ms)
				BeforeProcessingInitializeOnLoad (59ms)
				ProcessInitializeOnLoadAttributes (191ms)
				ProcessInitializeOnLoadMethodAttributes (46ms)
				AfterProcessingInitializeOnLoad (1ms)
				EditorAssembliesLoaded (0ms)
			ExecutionOrderSort2 (0ms)
			AwakeInstancesAfterBackupRestoration (4ms)
Platform modules already initialized, skipping
========================================================================
Worker process is ready to serve import requests
Launched and connected shader compiler UnityShaderCompiler.exe after 0.08 seconds
Refreshing native plugins compatible for Editor in 0.83 ms, found 12 plugins.
Preloading 1 native plugins for Editor in 0.10 ms.
Unloading 4398 Unused Serialized files (Serialized files now loaded: 0)
Unloading 54 unused Assets / (114.5 KB). Loaded Objects now: 4863.
Memory consumption went from 167.1 MB to 167.0 MB.
Total: 2.640900 ms (FindLiveObjects: 0.248100 ms CreateObjectMapping: 0.162100 ms MarkObjects: 2.137200 ms  DeleteObjects: 0.092600 ms)

AssetImportParameters requested are different than current active one (requested -> active):
  custom:video-decoder-ogg-theora: a1e56fd34408186e4bbccfd4996cb3dc -> 
  custom:container-muxer-webm: aa71ff27fc2769a1b78a27578f13a17b -> 
  custom:container-demuxer-webm: 4f35f7cbe854078d1ac9338744f61a02 -> 
  custom:video-encoder-webm-vp8: eb34c28f22e8b96e1ab97ce403110664 -> 
  custom:video-codec-MediaFoundation-h265: 746d11721c4dcdbdad8f713fa42b33f4 -> 
  custom:audio-encoder-webm-vorbis: bf7c407c2cedff20999df2af8eb42d56 -> 
  custom:framework-win-MediaFoundation: 216162199b28c13a410421893ffa2e32 -> 
  custom:container-demuxer-ogg: 62fdf1f143b41e24485cea50d1cbac27 -> 
  custom:video-decoder-webm-vp8: 9c59270c3fd7afecdb556c50c9e8de78 -> 
  custom:audio-decoder-ogg-vorbis: bf7c407c2cedff20999df2af8eb42d56 -> 
========================================================================
Received Import Request.
  Time since last request: 1662.571126 seconds.
  path: Assets/Textures
  artifactKey: Guid(3d7e650cecb671b4f902061c7e6d0772) Importer(815301076,1909f56bfc062723c751e8b465ee728b)
Start importing Assets/Textures using Guid(3d7e650cecb671b4f902061c7e6d0772) Importer(815301076,1909f56bfc062723c751e8b465ee728b)  -> (artifact id: 'a51f130bc79b2dc040d23eb3ed0182d5') in 0.010993 seconds 
========================================================================
Received Import Request.
  Time since last request: 22.249891 seconds.
  path: Assets/XR
  artifactKey: Guid(eb8d35e1db6b0094cbb27052b86c784c) Importer(815301076,1909f56bfc062723c751e8b465ee728b)
Start importing Assets/XR using Guid(eb8d35e1db6b0094cbb27052b86c784c) Importer(815301076,1909f56bfc062723c751e8b465ee728b)  -> (artifact id: '1904d331326056c8ad41f5b10d5d8d64') in 0.006125 seconds 
========================================================================
Received Import Request.
  Time since last request: 1.844848 seconds.
  path: Assets/XR/Settings
  artifactKey: Guid(0f663683bba20bc4a9f9792e2b12d92c) Importer(815301076,1909f56bfc062723c751e8b465ee728b)
Start importing Assets/XR/Settings using Guid(0f663683bba20bc4a9f9792e2b12d92c) Importer(815301076,1909f56bfc062723c751e8b465ee728b)  -> (artifact id: '6377b85516390714ba1306bf2c41c76d') in 0.005765 seconds 
========================================================================
Received Import Request.
  Time since last request: 273.873597 seconds.
  path: Assets/Models/Environment/Main Hub.mb
  artifactKey: Guid(db657be3b9eb6ed4db60eb3ba334cd44) Importer(815301076,1909f56bfc062723c751e8b465ee728b)
Start importing Assets/Models/Environment/Main Hub.mb using Guid(db657be3b9eb6ed4db60eb3ba334cd44) Importer(815301076,1909f56bfc062723c751e8b465ee728b)  -> (artifact id: '9b7d0bbe97d027973c719c073954a738') in 0.191546 seconds 
========================================================================
Received Import Request.
  Time since last request: 56.008209 seconds.
  path: Assets/Prefabs
  artifactKey: Guid(f7602eff1aa3d1b44924b757b3c77f4e) Importer(815301076,1909f56bfc062723c751e8b465ee728b)
Start importing Assets/Prefabs using Guid(f7602eff1aa3d1b44924b757b3c77f4e) Importer(815301076,1909f56bfc062723c751e8b465ee728b)  -> (artifact id: '80d5d6d5b37c2c73c385f6e11a51d5fb') in 0.008498 seconds 
========================================================================
Received Import Request.
  Time since last request: 6.155984 seconds.
  path: Assets/Prefabs/Envrionment
  artifactKey: Guid(1ccc24eb2e070c34096a3655c1b7f761) Importer(815301076,1909f56bfc062723c751e8b465ee728b)
Start importing Assets/Prefabs/Envrionment using Guid(1ccc24eb2e070c34096a3655c1b7f761) Importer(815301076,1909f56bfc062723c751e8b465ee728b)  -> (artifact id: '6fe533fe93458953cead6ff0047c2b98') in 0.006732 seconds 
========================================================================
Received Import Request.
  Time since last request: 4.219693 seconds.
  path: Assets/Prefabs/Envrionment/Main Hub.prefab
  artifactKey: Guid(c167f75eb2a3bb3478bae89ccbd017bc) Importer(815301076,1909f56bfc062723c751e8b465ee728b)
Start importing Assets/Prefabs/Envrionment/Main Hub.prefab using Guid(c167f75eb2a3bb3478bae89ccbd017bc) Importer(815301076,1909f56bfc062723c751e8b465ee728b)  -> (artifact id: '3cd0dab7a846168c88f872e2306d55a6') in 0.049121 seconds 
========================================================================
Received Import Request.
  Time since last request: 1880.286589 seconds.
  path: Assets/Prefabs/House/Roof.prefab
  artifactKey: Guid(e76ea2de97f97fc47adee7e28c4aba2d) Importer(815301076,1909f56bfc062723c751e8b465ee728b)
Start importing Assets/Prefabs/House/Roof.prefab using Guid(e76ea2de97f97fc47adee7e28c4aba2d) Importer(815301076,1909f56bfc062723c751e8b465ee728b)  -> (artifact id: 'faae3cc62ef8405b8b8af1713d8ce55f') in 0.011752 seconds 
========================================================================
Received Import Request.
  Time since last request: 0.638053 seconds.
  path: Assets/Prefabs/House/Bedrooms.prefab
  artifactKey: Guid(7e2e32a8bf748fe42ad96cd81fa27a98) Importer(815301076,1909f56bfc062723c751e8b465ee728b)
Start importing Assets/Prefabs/House/Bedrooms.prefab using Guid(7e2e32a8bf748fe42ad96cd81fa27a98) Importer(815301076,1909f56bfc062723c751e8b465ee728b)  -> (artifact id: '1d0a62e7512f5dc78ea47316907121cd') in 0.013106 seconds 
========================================================================
Received Import Request.
  Time since last request: 1.054849 seconds.
  path: Assets/Prefabs/House/Livingroom_Porch.prefab
  artifactKey: Guid(83c4a3752cb5f7e418fe20b2ad3a5fd6) Importer(815301076,1909f56bfc062723c751e8b465ee728b)
Start importing Assets/Prefabs/House/Livingroom_Porch.prefab using Guid(83c4a3752cb5f7e418fe20b2ad3a5fd6) Importer(815301076,1909f56bfc062723c751e8b465ee728b)  -> (artifact id: '03616fdcfe41adb1b6d61d9bb000cf7b') in 0.011870 seconds 
========================================================================
Received Import Request.
  Time since last request: 6.763745 seconds.
  path: Assets/Models/House
  artifactKey: Guid(16067ec3b008b1044b5b898da46643d4) Importer(815301076,1909f56bfc062723c751e8b465ee728b)
Start importing Assets/Models/House using Guid(16067ec3b008b1044b5b898da46643d4) Importer(815301076,1909f56bfc062723c751e8b465ee728b)  -> (artifact id: '25dba22f02f5310276ebb74169ac396b') in 0.004683 seconds 
========================================================================
Received Import Request.
  Time since last request: 1.409512 seconds.
  path: Assets/Models/House/Roof.mb
  artifactKey: Guid(e6d706abdecec7441802e74c92f0a3e2) Importer(815301076,1909f56bfc062723c751e8b465ee728b)
Start importing Assets/Models/House/Roof.mb using Guid(e6d706abdecec7441802e74c92f0a3e2) Importer(815301076,1909f56bfc062723c751e8b465ee728b)  -> (artifact id: '112ed5d5eccc63a4309cf356417c8e12') in 0.024214 seconds 
========================================================================
Received Import Request.
  Time since last request: 0.716626 seconds.
  path: Assets/Models/House/Bedrooms.mb
  artifactKey: Guid(9dce4c6362d8d7b4a8e194bf67742af0) Importer(815301076,1909f56bfc062723c751e8b465ee728b)
Start importing Assets/Models/House/Bedrooms.mb using Guid(9dce4c6362d8d7b4a8e194bf67742af0) Importer(815301076,1909f56bfc062723c751e8b465ee728b)  -> (artifact id: 'f2c6216fdeb4e1806f5e75b0d234ffbe') in 0.018729 seconds 
========================================================================
Received Import Request.
  Time since last request: 777.844535 seconds.
  path: Assets/Models/Single Story Houses/House One
  artifactKey: Guid(da56e183e82b92d4db3116106086d427) Importer(815301076,1909f56bfc062723c751e8b465ee728b)
Start importing Assets/Models/Single Story Houses/House One using Guid(da56e183e82b92d4db3116106086d427) Importer(815301076,1909f56bfc062723c751e8b465ee728b)  -> (artifact id: '5356b0484a499124f000cb5fda7a2ebc') in 0.007060 seconds 
========================================================================
Received Import Request.
  Time since last request: 28.365182 seconds.
  path: Assets/Textures/Houses
  artifactKey: Guid(13274f0c93b60da479825e64a246024f) Importer(815301076,1909f56bfc062723c751e8b465ee728b)
Start importing Assets/Textures/Houses using Guid(13274f0c93b60da479825e64a246024f) Importer(815301076,1909f56bfc062723c751e8b465ee728b)  -> (artifact id: '78b539e0ae3dcc99b27ab0d7aa1aa699') in 0.004918 seconds 
========================================================================
Received Import Request.
  Time since last request: 19.931100 seconds.
  path: Assets/Textures/Houses/House One
  artifactKey: Guid(58f8a612082fd3f4ba84ac3dc27a8868) Importer(815301076,1909f56bfc062723c751e8b465ee728b)
Start importing Assets/Textures/Houses/House One using Guid(58f8a612082fd3f4ba84ac3dc27a8868) Importer(815301076,1909f56bfc062723c751e8b465ee728b)  -> (artifact id: '1723f58f48c3d00bbfc4ddd0dcae8b80') in 0.001913 seconds 
========================================================================
Received Import Request.
  Time since last request: 52.684648 seconds.
  path: Assets/Models/Single Story Houses/House One/Garage.mb
  artifactKey: Guid(bdd0173832f28ee47b9a909cdac4961e) Importer(815301076,1909f56bfc062723c751e8b465ee728b)
Start importing Assets/Models/Single Story Houses/House One/Garage.mb using Guid(bdd0173832f28ee47b9a909cdac4961e) Importer(815301076,1909f56bfc062723c751e8b465ee728b)  -> (artifact id: '0b4293e55904d0dcc1fe2f83beb1a6d4') in 0.067016 seconds 
========================================================================
Received Import Request.
  Time since last request: 6.375713 seconds.
  path: Assets/Textures/Houses/House One/Garage.psd
  artifactKey: Guid(4319e084ca3543b4a9f686fd8f278bb2) Importer(815301076,1909f56bfc062723c751e8b465ee728b)
Start importing Assets/Textures/Houses/House One/Garage.psd using Guid(4319e084ca3543b4a9f686fd8f278bb2) Importer(815301076,1909f56bfc062723c751e8b465ee728b)  -> (artifact id: 'c18b3927e1d4485a3af4b9ba715ba372') in 0.051136 seconds 
========================================================================
Received Import Request.
  Time since last request: 346.181188 seconds.
  path: Assets/Models/Single Story Houses/House One/Garage.mb
  artifactKey: Guid(bdd0173832f28ee47b9a909cdac4961e) Importer(815301076,1909f56bfc062723c751e8b465ee728b)
Start importing Assets/Models/Single Story Houses/House One/Garage.mb using Guid(bdd0173832f28ee47b9a909cdac4961e) Importer(815301076,1909f56bfc062723c751e8b465ee728b)  -> (artifact id: 'a1a24d92fefe0e3dfed4191090635a76') in 0.101385 seconds 
========================================================================
Received Import Request.
  Time since last request: 60.804267 seconds.
  path: Assets/Textures/Houses/House One/Bedroom One.psd
  artifactKey: Guid(0b889414fac416147936d651ea3e47f2) Importer(815301076,1909f56bfc062723c751e8b465ee728b)
Start importing Assets/Textures/Houses/House One/Bedroom One.psd using Guid(0b889414fac416147936d651ea3e47f2) Importer(815301076,1909f56bfc062723c751e8b465ee728b)  -> (artifact id: 'f1db4af278e32d4c200c541fe5771fff') in 0.045204 seconds 
========================================================================
Received Import Request.
  Time since last request: 26.321313 seconds.
  path: Assets/Models/Single Story Houses/House One/Bedroom One.mb
  artifactKey: Guid(bd754de79068f8840a1ed3d0a1e7db82) Importer(815301076,1909f56bfc062723c751e8b465ee728b)
Start importing Assets/Models/Single Story Houses/House One/Bedroom One.mb using Guid(bd754de79068f8840a1ed3d0a1e7db82) Importer(815301076,1909f56bfc062723c751e8b465ee728b)  -> (artifact id: '4c4c176039282823c853b14205228e31') in 0.016420 seconds 
========================================================================
Received Import Request.
  Time since last request: 128.084595 seconds.
  path: Assets/Models/Single Story Houses/House One/Bedroom One.mb
  artifactKey: Guid(bd754de79068f8840a1ed3d0a1e7db82) Importer(815301076,1909f56bfc062723c751e8b465ee728b)
Start importing Assets/Models/Single Story Houses/House One/Bedroom One.mb using Guid(bd754de79068f8840a1ed3d0a1e7db82) Importer(815301076,1909f56bfc062723c751e8b465ee728b)  -> (artifact id: '6303b732d98f8c587f71ef0452944966') in 0.056597 seconds 
========================================================================
Received Import Request.
  Time since last request: 57.472716 seconds.
  path: Assets/Textures/Houses/Roof.psd
  artifactKey: Guid(4cb7ae86421517542a2f00c5447d3223) Importer(815301076,1909f56bfc062723c751e8b465ee728b)
Start importing Assets/Textures/Houses/Roof.psd using Guid(4cb7ae86421517542a2f00c5447d3223) Importer(815301076,1909f56bfc062723c751e8b465ee728b)  -> (artifact id: '2f775fc2a142c87a14cdbabb394e6a9a') in 0.042653 seconds 
========================================================================
Received Import Request.
  Time since last request: 0.556694 seconds.
  path: Assets/Textures/Houses/Bathroom.psd
  artifactKey: Guid(e036f87fba2f91a45a60a4390b9066cf) Importer(815301076,1909f56bfc062723c751e8b465ee728b)
Start importing Assets/Textures/Houses/Bathroom.psd using Guid(e036f87fba2f91a45a60a4390b9066cf) Importer(815301076,1909f56bfc062723c751e8b465ee728b)  -> (artifact id: '14d46c5802142d96d4d13853cdc857da') in 0.045713 seconds 
========================================================================
Received Import Request.
  Time since last request: 17.488005 seconds.
  path: Assets/Models/Single Story Houses/House One/Bathroom.mb
  artifactKey: Guid(3cba1c50e5bd2424dab96130db9c05d6) Importer(815301076,1909f56bfc062723c751e8b465ee728b)
Start importing Assets/Models/Single Story Houses/House One/Bathroom.mb using Guid(3cba1c50e5bd2424dab96130db9c05d6) Importer(815301076,1909f56bfc062723c751e8b465ee728b)  -> (artifact id: '7cf3d9a9cf2a967c024ecd7bb6dc5f97') in 0.085095 seconds 
========================================================================
Received Import Request.
  Time since last request: 126.286493 seconds.
  path: Assets/Models/Single Story Houses/House One/Bedroom Two.mb
  artifactKey: Guid(a16401113ef04434c98a03d64051d2d0) Importer(815301076,1909f56bfc062723c751e8b465ee728b)
Start importing Assets/Models/Single Story Houses/House One/Bedroom Two.mb using Guid(a16401113ef04434c98a03d64051d2d0) Importer(815301076,1909f56bfc062723c751e8b465ee728b)  -> (artifact id: 'dca14af2517bd904ef505e51ef612a33') in 0.091841 seconds 
========================================================================
Received Import Request.
  Time since last request: 201.558470 seconds.
  path: Assets/Models/Single Story Houses/House One/Bedroom One.mb
  artifactKey: Guid(bd754de79068f8840a1ed3d0a1e7db82) Importer(815301076,1909f56bfc062723c751e8b465ee728b)
Start importing Assets/Models/Single Story Houses/House One/Bedroom One.mb using Guid(bd754de79068f8840a1ed3d0a1e7db82) Importer(815301076,1909f56bfc062723c751e8b465ee728b)  -> (artifact id: '52570e085fb2c5cc2bf147d858b142ba') in 0.323252 seconds 
========================================================================
Received Import Request.
  Time since last request: 85.664169 seconds.
  path: Assets/Models/Single Story Houses/House One/Garage.mb
  artifactKey: Guid(bdd0173832f28ee47b9a909cdac4961e) Importer(815301076,1909f56bfc062723c751e8b465ee728b)
Start importing Assets/Models/Single Story Houses/House One/Garage.mb using Guid(bdd0173832f28ee47b9a909cdac4961e) Importer(815301076,1909f56bfc062723c751e8b465ee728b)  -> (artifact id: 'c31c5da342a319dd707a78d55ee9881c') in 0.072506 seconds 
========================================================================
Received Import Request.
  Time since last request: 39.253874 seconds.
  path: Assets/Models/Single Story Houses/House One/Garage.mb
  artifactKey: Guid(bdd0173832f28ee47b9a909cdac4961e) Importer(815301076,1909f56bfc062723c751e8b465ee728b)
Start importing Assets/Models/Single Story Houses/House One/Garage.mb using Guid(bdd0173832f28ee47b9a909cdac4961e) Importer(815301076,1909f56bfc062723c751e8b465ee728b)  -> (artifact id: 'b99db2836be8fd8dbf2cb7d66a3af763') in 0.090247 seconds 
========================================================================
Received Import Request.
  Time since last request: 86.212067 seconds.
  path: Assets/Models/Single Story Houses/House One/Bedroom One.mb
  artifactKey: Guid(bd754de79068f8840a1ed3d0a1e7db82) Importer(815301076,1909f56bfc062723c751e8b465ee728b)
Start importing Assets/Models/Single Story Houses/House One/Bedroom One.mb using Guid(bd754de79068f8840a1ed3d0a1e7db82) Importer(815301076,1909f56bfc062723c751e8b465ee728b)  -> (artifact id: 'e8164babb7f0a3a127c71978282ab1f3') in 0.052566 seconds 
========================================================================
Received Import Request.
  Time since last request: 22.032184 seconds.
  path: Assets/Materials
  artifactKey: Guid(9be6425242cc4614b9221b6102b0324c) Importer(815301076,1909f56bfc062723c751e8b465ee728b)
Start importing Assets/Materials using Guid(9be6425242cc4614b9221b6102b0324c) Importer(815301076,1909f56bfc062723c751e8b465ee728b)  -> (artifact id: 'a8bf83b280f221796880ca8c4b9390b1') in 0.004927 seconds 
========================================================================
Received Import Request.
  Time since last request: 83.474941 seconds.
  path: Assets/Models/Single Story Houses/House One/Garage.mb
  artifactKey: Guid(bdd0173832f28ee47b9a909cdac4961e) Importer(815301076,1909f56bfc062723c751e8b465ee728b)
Start importing Assets/Models/Single Story Houses/House One/Garage.mb using Guid(bdd0173832f28ee47b9a909cdac4961e) Importer(815301076,1909f56bfc062723c751e8b465ee728b)  -> (artifact id: '698303de7dae7f0ed6820bb09d5fc609') in 0.088059 seconds 
========================================================================
Received Import Request.
  Time since last request: 146.939611 seconds.
  path: Assets/Models/Single Story Houses/House One/Master.mb
  artifactKey: Guid(e2cad1a8c6caa454eada969d2f837a32) Importer(815301076,1909f56bfc062723c751e8b465ee728b)
Start importing Assets/Models/Single Story Houses/House One/Master.mb using Guid(e2cad1a8c6caa454eada969d2f837a32) Importer(815301076,1909f56bfc062723c751e8b465ee728b)  -> (artifact id: '21ca917f32c401ebe31fda2a4ddac230') in 0.098525 seconds 
========================================================================
Received Import Request.
  Time since last request: 218.835122 seconds.
  path: Assets/Models/Single Story Houses/House One/Bedroom One.mb
  artifactKey: Guid(bd754de79068f8840a1ed3d0a1e7db82) Importer(815301076,1909f56bfc062723c751e8b465ee728b)
Start importing Assets/Models/Single Story Houses/House One/Bedroom One.mb using Guid(bd754de79068f8840a1ed3d0a1e7db82) Importer(815301076,1909f56bfc062723c751e8b465ee728b)  -> (artifact id: '62fac2e70c7dfb001647fc350baebcf4') in 0.054593 seconds 
========================================================================
Received Import Request.
  Time since last request: 76.318475 seconds.
  path: Assets/Models/Single Story Houses/House One/Bedroom One.mb
  artifactKey: Guid(bd754de79068f8840a1ed3d0a1e7db82) Importer(815301076,1909f56bfc062723c751e8b465ee728b)
Start importing Assets/Models/Single Story Houses/House One/Bedroom One.mb using Guid(bd754de79068f8840a1ed3d0a1e7db82) Importer(815301076,1909f56bfc062723c751e8b465ee728b)  -> (artifact id: 'a7a95be508fbb0e352c04386c34ac95c') in 0.041685 seconds 
========================================================================
Received Import Request.
  Time since last request: 444.533959 seconds.
  path: Assets/Models/Single Story Houses/House One/Bedroom One.mb
  artifactKey: Guid(bd754de79068f8840a1ed3d0a1e7db82) Importer(815301076,1909f56bfc062723c751e8b465ee728b)
Start importing Assets/Models/Single Story Houses/House One/Bedroom One.mb using Guid(bd754de79068f8840a1ed3d0a1e7db82) Importer(815301076,1909f56bfc062723c751e8b465ee728b)  -> (artifact id: 'c6101db083e5940184f31ebe1918a07c') in 0.052715 seconds 
========================================================================
Received Import Request.
  Time since last request: 54.813639 seconds.
  path: Assets/Models/Single Story Houses/House One/Single Story House.mb
  artifactKey: Guid(d116709915531bb49a26af1c3b98b0cc) Importer(815301076,1909f56bfc062723c751e8b465ee728b)
Start importing Assets/Models/Single Story Houses/House One/Single Story House.mb using Guid(d116709915531bb49a26af1c3b98b0cc) Importer(815301076,1909f56bfc062723c751e8b465ee728b)  -> (artifact id: '85ba06de6edc252d7d1a261de9d2b8ff') in 0.248634 seconds 
========================================================================
Received Import Request.
  Time since last request: 543.049856 seconds.
  path: Assets/Models/Single Story Houses/House One/Bedroom One.mb
  artifactKey: Guid(bd754de79068f8840a1ed3d0a1e7db82) Importer(815301076,1909f56bfc062723c751e8b465ee728b)
Start importing Assets/Models/Single Story Houses/House One/Bedroom One.mb using Guid(bd754de79068f8840a1ed3d0a1e7db82) Importer(815301076,1909f56bfc062723c751e8b465ee728b)  -> (artifact id: '352ac90ba02d9a2efe8d8bd517797640') in 0.058826 seconds 
========================================================================
Received Import Request.
  Time since last request: 36.156173 seconds.
  path: Assets/Models/Single Story Houses/House One/Garage.mb
  artifactKey: Guid(bdd0173832f28ee47b9a909cdac4961e) Importer(815301076,1909f56bfc062723c751e8b465ee728b)
Start importing Assets/Models/Single Story Houses/House One/Garage.mb using Guid(bdd0173832f28ee47b9a909cdac4961e) Importer(815301076,1909f56bfc062723c751e8b465ee728b)  -> (artifact id: '75ee338241ab7714e6202b788b24cb9d') in 0.090185 seconds 
========================================================================
Received Import Request.
  Time since last request: 1047.300634 seconds.
  path: Assets/Models/Single Story Houses/House One/Garage.mb
  artifactKey: Guid(bdd0173832f28ee47b9a909cdac4961e) Importer(815301076,1909f56bfc062723c751e8b465ee728b)
Start importing Assets/Models/Single Story Houses/House One/Garage.mb using Guid(bdd0173832f28ee47b9a909cdac4961e) Importer(815301076,1909f56bfc062723c751e8b465ee728b)  -> (artifact id: 'df2748a0f0b61734a80c7fbb6f931d91') in 0.087834 seconds 
========================================================================
Received Import Request.
  Time since last request: 91.959244 seconds.
  path: Assets/Models/Single Story Houses/House One/Garage.mb
  artifactKey: Guid(bdd0173832f28ee47b9a909cdac4961e) Importer(815301076,1909f56bfc062723c751e8b465ee728b)
Start importing Assets/Models/Single Story Houses/House One/Garage.mb using Guid(bdd0173832f28ee47b9a909cdac4961e) Importer(815301076,1909f56bfc062723c751e8b465ee728b)  -> (artifact id: '96d30c9296ca52be99723fc302e7aa44') in 0.144435 seconds 
========================================================================
Received Import Request.
  Time since last request: 86.799853 seconds.
  path: Assets/Models/Single Story Houses/House One/Garage.mb
  artifactKey: Guid(bdd0173832f28ee47b9a909cdac4961e) Importer(815301076,1909f56bfc062723c751e8b465ee728b)
Start importing Assets/Models/Single Story Houses/House One/Garage.mb using Guid(bdd0173832f28ee47b9a909cdac4961e) Importer(815301076,1909f56bfc062723c751e8b465ee728b)  -> (artifact id: '8e50502ee17e2f6225d8a55642a34edb') in 0.067744 seconds 
========================================================================
Received Import Request.
  Time since last request: 189.093478 seconds.
  path: Assets/Textures/House Two
  artifactKey: Guid(02c48143bb687c243bd234743198dbe9) Importer(815301076,1909f56bfc062723c751e8b465ee728b)
Start importing Assets/Textures/House Two using Guid(02c48143bb687c243bd234743198dbe9) Importer(815301076,1909f56bfc062723c751e8b465ee728b)  -> (artifact id: '711bfd088f367cb49c16fff56fa6043e') in 0.006879 seconds 
